<?xml version="1.0" encoding="UTF-8"?>
<!-- Generated by org.testng.reporters.JUnitReportReporter -->
<testsuite hostname="IN-5CG0031HGK" failures="0" tests="2" name="com.testing.lifecycle.TestClass2" time="0.007" errors="0" timestamp="2020-09-10T09:40:00 IST" skipped="0">
  <testcase classname="com.testing.lifecycle.TestClass2" name="test4" time="0.004"/>
  <system-out/>
  <testcase classname="com.testing.lifecycle.TestClass2" name="test3" time="0.003"/>
  <system-out/>
</testsuite> <!-- com.testing.lifecycle.TestClass2 -->
