<?xml version="1.0" encoding="UTF-8"?>
<!-- Generated by org.testng.reporters.JUnitReportReporter -->
<testsuite hostname="IN-5CG0031HGK" failures="0" tests="4" name="com.testing.lifecycle.TestClass1" time="0.036" errors="0" timestamp="2020-09-10T09:40:00 IST" skipped="0">
  <testcase classname="com.testing.lifecycle.TestClass1" name="test2" time="0.003"/>
  <system-out/>
  <testcase classname="com.testing.lifecycle.TestClass1" name="test2" time="0.007"/>
  <system-out/>
  <testcase classname="com.testing.lifecycle.TestClass1" name="test1" time="0.004"/>
  <system-out/>
  <testcase classname="com.testing.lifecycle.TestClass1" name="test1" time="0.022"/>
  <system-out/>
</testsuite> <!-- com.testing.lifecycle.TestClass1 -->
