<?xml version="1.0" encoding="UTF-8"?>
<!-- Generated by org.testng.reporters.JUnitReportReporter -->
<testsuite hostname="IN-5CG0031HGK" failures="0" tests="2" name="com.testinggroups.GroupDemo2" time="0.004" errors="0" timestamp="2020-09-10T09:58:08 IST" skipped="0">
  <testcase classname="com.testinggroups.GroupDemo2" name="f1" time="0.002"/>
  <system-out/>
  <testcase classname="com.testinggroups.GroupDemo2" name="f3" time="0.002"/>
  <system-out/>
</testsuite> <!-- com.testinggroups.GroupDemo2 -->
