<?xml version="1.0" encoding="UTF-8"?>
<!-- Generated by org.testng.reporters.JUnitReportReporter -->
<testsuite hostname="IN-5CG0031HGK" failures="0" tests="1" name="com.testtng.parameters.ParameterTest1" time="0.022" errors="0" timestamp="2020-09-10T10:09:50 IST" skipped="0">
  <testcase classname="com.testtng.parameters.ParameterTest1" name="passSingleParameter" time="0.022"/>
  <system-out/>
</testsuite> <!-- com.testtng.parameters.ParameterTest1 -->
