<?xml version="1.0" encoding="UTF-8"?>
<!-- Generated by org.testng.reporters.JUnitReportReporter -->
<testsuite hostname="IN-5CG0031HGK" failures="0" tests="2" name="com.demo.testing.basic.FirstTest" time="0.024" errors="0" timestamp="2020-09-09T11:59:38 IST" skipped="0">
  <testcase classname="com.demo.testing.basic.FirstTest" name="f" time="0.019"/>
  <system-out/>
  <testcase classname="com.demo.testing.basic.FirstTest" name="f1" time="0.005"/>
  <system-out/>
</testsuite> <!-- com.demo.testing.basic.FirstTest -->
