<?xml version="1.0" encoding="UTF-8"?>
<!-- Generated by org.testng.reporters.JUnitReportReporter -->
<testsuite hostname="IN-5CG0031HGK" failures="0" tests="1" name="comm.testng.reports.DefaultTestNgReports" time="39.108" errors="0" timestamp="2020-09-10T12:09:10 IST" skipped="0">
  <testcase classname="comm.testng.reports.DefaultTestNgReports" name="f" time="39.108"/>
  <system-out>
Opening Browser Opening Browser Browser opened name entered in the textbox Closed Browser  </system-out>
</testsuite> <!-- comm.testng.reports.DefaultTestNgReports -->
